<?xml version="1.0" encoding="UTF-8"?>
<!-- Generated by org.testng.reporters.JUnitReportReporter -->
<testsuite hostname="DESKTOP-QBF8APR" failures="0" tests="1" name="testCases.TC001_AccountRegistrationTest" time="1.880" errors="0" timestamp="2024-09-02T20:44:25 IST" skipped="0">
  <testcase classname="testCases.TC001_AccountRegistrationTest" name="verify_account_registration" time="1.880"/>
</testsuite> <!-- testCases.TC001_AccountRegistrationTest -->
