<?xml version="1.0" encoding="UTF-8"?>
<!-- Generated by org.testng.reporters.JUnitReportReporter -->
<testsuite hostname="DESKTOP-QBF8APR" failures="0" tests="1" name="testCases.TC_004_SearchProductTest" time="0.690" errors="0" timestamp="2024-09-02T20:44:25 IST" skipped="0">
  <testcase classname="testCases.TC_004_SearchProductTest" name="verify_pruductSearch" time="0.690"/>
</testsuite> <!-- testCases.TC_004_SearchProductTest -->
